\BOOKMARK [1][-]{section.1}{\376\377\301\034\270\140}{}% 1
\BOOKMARK [1][-]{section.2}{\376\377\255\000\270\050\000\040\305\360\255\154}{}% 2
\BOOKMARK [2][-]{subsection.2.1}{\376\377\000L\000L\000M\000\040\256\060\274\030\000\040\301\214\325\004\322\270\306\350\305\264\000\040\254\365\325\131}{section.2}% 3
\BOOKMARK [2][-]{subsection.2.2}{\376\377\000A\000I\000\040\315\224\310\205\301\061\254\374\000\040\310\025\270\054}{section.2}% 4
\BOOKMARK [2][-]{subsection.2.3}{\376\377\255\154\310\160\326\124\264\034\000\040\325\004\270\154\325\004\323\005\000\040\256\060\274\225}{section.2}% 5
\BOOKMARK [2][-]{subsection.2.4}{\376\377\305\360\255\154\000\040\254\365\274\061}{section.2}% 6
\BOOKMARK [1][-]{section.3}{\376\377\274\051\274\225\270\140\000:\000\040\000A\000t\000o\000m\000i\000c\000\040\000L\000o\000g\000i\000c\000\040\000S\000h\000e\000e\000t\000\040\000\050\000A\000L\000S\000\051}{}% 7
\BOOKMARK [2][-]{subsection.3.1}{\376\377\301\044\254\304\000\040\306\320\316\131}{section.3}% 8
\BOOKMARK [2][-]{subsection.3.2}{\376\377\000H\000i\000e\000r\000a\000r\000c\000h\000i\000c\000a\000l\000\040\000B\000u\000s\000i\000n\000e\000s\000s\000\040\000L\000o\000g\000i\000c\000\040\000I\000n\000j\000e\000c\000t\000i\000o\000n\000\040\000\050\000H\000-\000B\000L\000I\000\051}{section.3}% 9
\BOOKMARK [2][-]{subsection.3.3}{\376\377\000A\000L\000S\000\040\325\165\302\354\000\040\255\154\310\160\000\040\306\224\301\214}{section.3}% 10
\BOOKMARK [3][-]{subsubsection.3.3.1}{\376\377\000W\000H\000E\000N\000-\000T\000H\000E\000N\000-\000B\000E\000C\000A\000U\000S\000E\000\040\275\204\325\164}{subsection.3.3}% 11
\BOOKMARK [3][-]{subsubsection.3.3.2}{\376\377\000A\000n\000t\000i\000-\000p\000a\000t\000t\000e\000r\000n\000s}{subsection.3.3}% 12
\BOOKMARK [3][-]{subsubsection.3.3.3}{\376\377\307\040\326\250\000/\273\064\326\250\000\040\306\010\302\334\000\040\000\050\000V\000a\000l\000i\000d\000/\000I\000n\000v\000a\000l\000i\000d\000\040\000E\000x\000a\000m\000p\000l\000e\000s\000\051}{subsection.3.3}% 13
\BOOKMARK [2][-]{subsection.3.4}{\376\377\000L\000o\000g\000i\000c\000\040\000A\000n\000c\000h\000o\000r\000i\000n\000g}{section.3}% 14
\BOOKMARK [1][-]{section.4}{\376\377\302\344\325\330\000\040\301\044\254\304}{}% 15
\BOOKMARK [2][-]{subsection.4.1}{\376\377\305\320\307\164\310\004\322\270\000\040\262\350\263\305\000\040\301\044\254\304\307\130\000\040\255\374\254\160}{section.4}% 16
\BOOKMARK [2][-]{subsection.4.2}{\376\377\305\360\255\154\000\040\311\310\273\070}{section.4}% 17
\BOOKMARK [2][-]{subsection.4.3}{\376\377\276\104\255\120\000\040\301\044\254\304}{section.4}% 18
\BOOKMARK [2][-]{subsection.4.4}{\376\377\305\320\307\164\310\004\322\270\000\040\272\250\264\334\000\040\301\044\310\025}{section.4}% 19
\BOOKMARK [3][-]{subsubsection.4.4.1}{\376\377\302\344\325\211\000\040\326\130\254\275}{subsection.4.4}% 20
\BOOKMARK [3][-]{subsubsection.4.4.2}{\376\377\307\221\305\305\000\040\254\365\254\004\000\040\255\154\301\061}{subsection.4.4}% 21
\BOOKMARK [3][-]{subsubsection.4.4.3}{\376\377\307\220\263\331\326\124}{subsection.4.4}% 22
\BOOKMARK [2][-]{subsection.4.5}{\376\377\302\344\325\330\000\040\326\130\254\275\000\040\274\017\000\040\274\365\307\241\263\304\000\040\301\044\254\304}{section.4}% 23
\BOOKMARK [3][-]{subsubsection.4.5.1}{\376\377\255\334\316\131\000\040\255\154\301\061}{subsection.4.5}% 24
\BOOKMARK [2][-]{subsection.4.6}{\376\377\323\311\254\000\000\040\311\300\324\134}{section.4}% 25
\BOOKMARK [2][-]{subsection.4.7}{\376\377\321\265\310\034\000\040\310\160\254\164}{section.4}% 26
\BOOKMARK [1][-]{section.5}{\376\377\302\344\325\330\000\040\254\260\254\374\000\040\274\017\000\040\261\174\307\130}{}% 27
\BOOKMARK [2][-]{subsection.5.1}{\376\377\000R\000Q\0001\000:\000\040\270\134\311\301\000\040\311\000\302\030\307\050\000\040\000\050\000L\000C\000R\000\051}{section.5}% 28
\BOOKMARK [2][-]{subsection.5.2}{\376\377\000R\000Q\0002\000:\000\040\315\251\263\314\000\040\320\320\311\300\307\050\000\040\000\050\000C\000D\000R\000\051}{section.5}% 29
\BOOKMARK [2][-]{subsection.5.3}{\376\377\000R\000Q\0003\000:\000\040\302\244\320\244\271\310\000\040\307\174\320\310\000\040\254\164\302\030\000\040\000\050\000S\000D\000C\000\051}{section.5}% 30
\BOOKMARK [2][-]{subsection.5.4}{\376\377\307\164\300\301\316\130\000\040\275\204\301\035}{section.5}% 31
\BOOKMARK [1][-]{section.6}{\376\377\320\300\262\371\301\061\000\040\307\004\326\021}{}% 32
\BOOKMARK [2][-]{subsection.6.1}{\376\377\260\264\310\001\000\040\320\300\262\371\301\061}{section.6}% 33
\BOOKMARK [2][-]{subsection.6.2}{\376\377\306\170\310\001\000\040\320\300\262\371\301\061}{section.6}% 34
\BOOKMARK [2][-]{subsection.6.3}{\376\377\255\154\301\061\000\040\320\300\262\371\301\061}{section.6}% 35
\BOOKMARK [2][-]{subsection.6.4}{\376\377\302\340\270\260\301\061}{section.6}% 36
\BOOKMARK [1][-]{section.7}{\376\377\254\260\270\140}{}% 37
\BOOKMARK [2][-]{subsection.7.1}{\376\377\325\245\326\304\000\040\305\360\255\154}{section.7}% 38
\BOOKMARK [1][-]{section*.8}{\376\377\000R\000e\000f\000e\000r\000e\000n\000c\000e\000s}{}% 39
